
==================================================================================
CONSLAM  ·  per_inplane_p1_conslam_records.json  ·  3-seed pooled
  seeds = [1, 42, 190223]   total queries (sum across seeds) = 921
==================================================================================

        Bucket       N    BoQ R@1   DR-VPR R@1        Δ   flip→✓   flip→✗
----------------------------------------------------------------------------------
--- Order: by bucket (low → high in-plane rotation) ---
      [ 0°,  5°)     435     66.21%       65.98%    -0.23        8        9
      [ 5°, 10°)     402     56.72%       60.20%    +3.48       15        1
      [10°, 15°)      60     75.00%       75.00%    +0.00        0        0
      [15°, 20°)      18     16.67%       16.67%    +0.00        0        0
      [20°, 25°)       6      0.00%        0.00%    +0.00        0        0
         25°+          0          —            —         —        —        —
----------------------------------------------------------------------------------
           TOTAL     921     61.24%       62.65%    +1.41       23       10

--- Order: by ΔR@1 (largest gain first) ---
      [ 5°, 10°)     402     56.72%       60.20%    +3.48       15        1
      [10°, 15°)      60     75.00%       75.00%    +0.00        0        0
      [15°, 20°)      18     16.67%       16.67%    +0.00        0        0
      [20°, 25°)       6      0.00%        0.00%    +0.00        0        0
      [ 0°,  5°)     435     66.21%       65.98%    -0.23        8        9

==================================================================================
CONPR  ·  per_inplane_p1_conpr_records.json  ·  3-seed pooled
  seeds = [1, 42, 190223]   total queries (sum across seeds) = 7401
==================================================================================

        Bucket       N    BoQ R@1   DR-VPR R@1        Δ   flip→✓   flip→✗
----------------------------------------------------------------------------------
--- Order: by bucket (low → high in-plane rotation) ---
      [ 0°,  5°)    4662     80.76%       81.60%    +0.84       71       32
      [ 5°, 10°)    1857     83.20%       83.31%    +0.11       10        8
      [10°, 15°)     711     85.65%       84.39%    -1.27        0        9
      [15°, 20°)     111     72.97%       69.37%    -3.60        0        4
      [20°, 25°)      54     50.00%       50.00%    +0.00        0        0
         25°+          6    100.00%      100.00%    +0.00        0        0
----------------------------------------------------------------------------------
           TOTAL    7401     81.52%       81.89%    +0.38       81       53

--- Order: by ΔR@1 (largest gain first) ---
      [ 0°,  5°)    4662     80.76%       81.60%    +0.84       71       32
      [ 5°, 10°)    1857     83.20%       83.31%    +0.11       10        8
      [20°, 25°)      54     50.00%       50.00%    +0.00        0        0
         25°+          6    100.00%      100.00%    +0.00        0        0
      [10°, 15°)     711     85.65%       84.39%    -1.27        0        9
      [15°, 20°)     111     72.97%       69.37%    -3.60        0        4

Saved markdown report → per_inplane_summary.md
